Performing C SOURCE FILE Test FEATURE_ssse3_NOFLAG failed with the following output:
Change Dir: /home/noob/xmrig/build/CMakeFiles/CMakeTmp

Run Build Command(s):/usr/bin/gmake -f Makefile cmTC_947b5/fast && /usr/bin/gmake  -f CMakeFiles/cmTC_947b5.dir/build.make CMakeFiles/cmTC_947b5.dir/build
gmake[1]: Entering directory '/home/noob/xmrig/build/CMakeFiles/CMakeTmp'
Building C object CMakeFiles/cmTC_947b5.dir/src.c.o
/usr/bin/cc -DFEATURE_ssse3_NOFLAG  -Wall -Wno-strict-aliasing -maes  -o CMakeFiles/cmTC_947b5.dir/src.c.o -c /home/noob/xmrig/build/CMakeFiles/CMakeTmp/src.c
In file included from /usr/lib/gcc/x86_64-linux-gnu/11/include/immintrin.h:37,
                 from /usr/lib/gcc/x86_64-linux-gnu/11/include/x86intrin.h:32,
                 from /home/noob/xmrig/build/CMakeFiles/CMakeTmp/src.c:1:
/home/noob/xmrig/build/CMakeFiles/CMakeTmp/src.c: In function ‘function_ssse3’:
/usr/lib/gcc/x86_64-linux-gnu/11/include/tmmintrin.h:136:1: error: inlining failed in call to ‘always_inline’ ‘_mm_shuffle_epi8’: target specific option mismatch
  136 | _mm_shuffle_epi8 (__m128i __X, __m128i __Y)
      | ^~~~~~~~~~~~~~~~
/home/noob/xmrig/build/CMakeFiles/CMakeTmp/src.c:5:12: note: called from here
    5 |     *dst = _mm_shuffle_epi8(*a, *b);
      |            ^~~~~~~~~~~~~~~~~~~~~~~~
gmake[1]: *** [CMakeFiles/cmTC_947b5.dir/build.make:78: CMakeFiles/cmTC_947b5.dir/src.c.o] Error 1
gmake[1]: Leaving directory '/home/noob/xmrig/build/CMakeFiles/CMakeTmp'
gmake: *** [Makefile:127: cmTC_947b5/fast] Error 2


Source file was:
#include <x86intrin.h>

void function_ssse3(__m128i *dst, const __m128i *a, const __m128i *b)
{
    *dst = _mm_shuffle_epi8(*a, *b);
}

int main(void) { return 0; }

Performing C SOURCE FILE Test FEATURE_xop_NOFLAG failed with the following output:
Change Dir: /home/noob/xmrig/build/CMakeFiles/CMakeTmp

Run Build Command(s):/usr/bin/gmake -f Makefile cmTC_93525/fast && /usr/bin/gmake  -f CMakeFiles/cmTC_93525.dir/build.make CMakeFiles/cmTC_93525.dir/build
gmake[1]: Entering directory '/home/noob/xmrig/build/CMakeFiles/CMakeTmp'
Building C object CMakeFiles/cmTC_93525.dir/src.c.o
/usr/bin/cc -DFEATURE_xop_NOFLAG  -Wall -Wno-strict-aliasing -maes  -o CMakeFiles/cmTC_93525.dir/src.c.o -c /home/noob/xmrig/build/CMakeFiles/CMakeTmp/src.c
In file included from /usr/lib/gcc/x86_64-linux-gnu/11/include/x86intrin.h:38,
                 from /home/noob/xmrig/build/CMakeFiles/CMakeTmp/src.c:1:
/home/noob/xmrig/build/CMakeFiles/CMakeTmp/src.c: In function ‘function_xop’:
/home/noob/xmrig/build/CMakeFiles/CMakeTmp/src.c:5:12: error: ‘__builtin_ia32_vprotqi’ needs isa option -mxop
    5 |     *dst = _mm_roti_epi64(*a, b);
      |            ^~~~~~~~~~~~~~
gmake[1]: *** [CMakeFiles/cmTC_93525.dir/build.make:78: CMakeFiles/cmTC_93525.dir/src.c.o] Error 1
gmake[1]: Leaving directory '/home/noob/xmrig/build/CMakeFiles/CMakeTmp'
gmake: *** [Makefile:127: cmTC_93525/fast] Error 2


Source file was:
#include <x86intrin.h>

void function_xop(__m128i *dst, const __m128i *a, int b)
{
    *dst = _mm_roti_epi64(*a, b);
}

int main(void) { return 0; }

Performing C SOURCE FILE Test FEATURE_avx2_NOFLAG failed with the following output:
Change Dir: /home/noob/xmrig/build/CMakeFiles/CMakeTmp

Run Build Command(s):/usr/bin/gmake -f Makefile cmTC_034de/fast && /usr/bin/gmake  -f CMakeFiles/cmTC_034de.dir/build.make CMakeFiles/cmTC_034de.dir/build
gmake[1]: Entering directory '/home/noob/xmrig/build/CMakeFiles/CMakeTmp'
Building C object CMakeFiles/cmTC_034de.dir/src.c.o
/usr/bin/cc -DFEATURE_avx2_NOFLAG  -Wall -Wno-strict-aliasing -maes  -o CMakeFiles/cmTC_034de.dir/src.c.o -c /home/noob/xmrig/build/CMakeFiles/CMakeTmp/src.c
/home/noob/xmrig/build/CMakeFiles/CMakeTmp/src.c: In function ‘function_avx2’:
/home/noob/xmrig/build/CMakeFiles/CMakeTmp/src.c:5:10: warning: AVX vector return without AVX enabled changes the ABI [-Wpsabi]
    5 |     *dst = _mm256_xor_si256(*a, *b);
      |     ~~~~~^~~~~~~~~~~~~~~~~~~~~~~~~~
In file included from /usr/lib/gcc/x86_64-linux-gnu/11/include/immintrin.h:47,
                 from /usr/lib/gcc/x86_64-linux-gnu/11/include/x86intrin.h:32,
                 from /home/noob/xmrig/build/CMakeFiles/CMakeTmp/src.c:1:
/usr/lib/gcc/x86_64-linux-gnu/11/include/avx2intrin.h:913:1: error: inlining failed in call to ‘always_inline’ ‘_mm256_xor_si256’: target specific option mismatch
  913 | _mm256_xor_si256 (__m256i __A, __m256i __B)
      | ^~~~~~~~~~~~~~~~
/home/noob/xmrig/build/CMakeFiles/CMakeTmp/src.c:5:12: note: called from here
    5 |     *dst = _mm256_xor_si256(*a, *b);
      |            ^~~~~~~~~~~~~~~~~~~~~~~~
gmake[1]: *** [CMakeFiles/cmTC_034de.dir/build.make:78: CMakeFiles/cmTC_034de.dir/src.c.o] Error 1
gmake[1]: Leaving directory '/home/noob/xmrig/build/CMakeFiles/CMakeTmp'
gmake: *** [Makefile:127: cmTC_034de/fast] Error 2


Source file was:
#include <x86intrin.h>

void function_avx2(__m256i *dst, const __m256i *a, const __m256i *b)
{
    *dst = _mm256_xor_si256(*a, *b);
}

int main(void) { return 0; }

Performing C SOURCE FILE Test FEATURE_avx512f_NOFLAG failed with the following output:
Change Dir: /home/noob/xmrig/build/CMakeFiles/CMakeTmp

Run Build Command(s):/usr/bin/gmake -f Makefile cmTC_9a0e5/fast && /usr/bin/gmake  -f CMakeFiles/cmTC_9a0e5.dir/build.make CMakeFiles/cmTC_9a0e5.dir/build
gmake[1]: Entering directory '/home/noob/xmrig/build/CMakeFiles/CMakeTmp'
Building C object CMakeFiles/cmTC_9a0e5.dir/src.c.o
/usr/bin/cc -DFEATURE_avx512f_NOFLAG  -Wall -Wno-strict-aliasing -maes  -o CMakeFiles/cmTC_9a0e5.dir/src.c.o -c /home/noob/xmrig/build/CMakeFiles/CMakeTmp/src.c
In file included from /usr/lib/gcc/x86_64-linux-gnu/11/include/immintrin.h:49,
                 from /usr/lib/gcc/x86_64-linux-gnu/11/include/x86intrin.h:32,
                 from /home/noob/xmrig/build/CMakeFiles/CMakeTmp/src.c:1:
/home/noob/xmrig/build/CMakeFiles/CMakeTmp/src.c: In function ‘function_avx512f’:
/usr/lib/gcc/x86_64-linux-gnu/11/include/avx512fintrin.h:204:1: error: inlining failed in call to ‘always_inline’ ‘_mm512_undefined_epi32’: target specific option mismatch
  204 | _mm512_undefined_epi32 (void)
      | ^~~~~~~~~~~~~~~~~~~~~~
/home/noob/xmrig/build/CMakeFiles/CMakeTmp/src.c:5:12: note: called from here
    5 |     *dst = _mm512_ror_epi64(*a, 57);
      |            ^~~~~~~~~~~~~~~~
gmake[1]: *** [CMakeFiles/cmTC_9a0e5.dir/build.make:78: CMakeFiles/cmTC_9a0e5.dir/src.c.o] Error 1
gmake[1]: Leaving directory '/home/noob/xmrig/build/CMakeFiles/CMakeTmp'
gmake: *** [Makefile:127: cmTC_9a0e5/fast] Error 2


Source file was:
#include <x86intrin.h>

void function_avx512f(__m512i *dst, const __m512i *a)
{
    *dst = _mm512_ror_epi64(*a, 57);
}

int main(void) { return 0; }

Performing C SOURCE FILE Test CMAKE_HAVE_LIBC_PTHREAD failed with the following output:
Change Dir: /home/noob/xmrig/build/CMakeFiles/CMakeTmp

Run Build Command(s):/usr/bin/gmake -f Makefile cmTC_57a35/fast && /usr/bin/gmake  -f CMakeFiles/cmTC_57a35.dir/build.make CMakeFiles/cmTC_57a35.dir/build
gmake[1]: Entering directory '/home/noob/xmrig/build/CMakeFiles/CMakeTmp'
Building C object CMakeFiles/cmTC_57a35.dir/src.c.o
/usr/bin/cc -DCMAKE_HAVE_LIBC_PTHREAD  -Wall -Wno-strict-aliasing -maes  -o CMakeFiles/cmTC_57a35.dir/src.c.o -c /home/noob/xmrig/build/CMakeFiles/CMakeTmp/src.c
Linking C executable cmTC_57a35
/usr/bin/cmake -E cmake_link_script CMakeFiles/cmTC_57a35.dir/link.txt --verbose=1
/usr/bin/cc  -Wall -Wno-strict-aliasing -maes  -rdynamic CMakeFiles/cmTC_57a35.dir/src.c.o -o cmTC_57a35 
/usr/bin/ld: CMakeFiles/cmTC_57a35.dir/src.c.o: in function `main':
src.c:(.text+0x2f): undefined reference to `pthread_create'
/usr/bin/ld: src.c:(.text+0x3b): undefined reference to `pthread_detach'
/usr/bin/ld: src.c:(.text+0x47): undefined reference to `pthread_cancel'
/usr/bin/ld: src.c:(.text+0x58): undefined reference to `pthread_join'
collect2: error: ld returned 1 exit status
gmake[1]: *** [CMakeFiles/cmTC_57a35.dir/build.make:99: cmTC_57a35] Error 1
gmake[1]: Leaving directory '/home/noob/xmrig/build/CMakeFiles/CMakeTmp'
gmake: *** [Makefile:127: cmTC_57a35/fast] Error 2


Source file was:
#include <pthread.h>

static void* test_func(void* data)
{
  return data;
}

int main(void)
{
  pthread_t thread;
  pthread_create(&thread, NULL, test_func, NULL);
  pthread_detach(thread);
  pthread_cancel(thread);
  pthread_join(thread, NULL);
  pthread_atfork(NULL, NULL, NULL);
  pthread_exit(NULL);

  return 0;
}

Determining if the function pthread_create exists in the pthreads failed with the following output:
Change Dir: /home/noob/xmrig/build/CMakeFiles/CMakeTmp

Run Build Command(s):/usr/bin/gmake -f Makefile cmTC_27008/fast && /usr/bin/gmake  -f CMakeFiles/cmTC_27008.dir/build.make CMakeFiles/cmTC_27008.dir/build
gmake[1]: Entering directory '/home/noob/xmrig/build/CMakeFiles/CMakeTmp'
Building C object CMakeFiles/cmTC_27008.dir/CheckFunctionExists.c.o
/usr/bin/cc   -Wall -Wno-strict-aliasing -maes -DCHECK_FUNCTION_EXISTS=pthread_create -o CMakeFiles/cmTC_27008.dir/CheckFunctionExists.c.o -c /usr/share/cmake-3.23/Modules/CheckFunctionExists.c
Linking C executable cmTC_27008
/usr/bin/cmake -E cmake_link_script CMakeFiles/cmTC_27008.dir/link.txt --verbose=1
/usr/bin/cc  -Wall -Wno-strict-aliasing -maes -DCHECK_FUNCTION_EXISTS=pthread_create -rdynamic CMakeFiles/cmTC_27008.dir/CheckFunctionExists.c.o -o cmTC_27008  -lpthreads 
/usr/bin/ld: cannot find -lpthreads: No such file or directory
collect2: error: ld returned 1 exit status
gmake[1]: *** [CMakeFiles/cmTC_27008.dir/build.make:99: cmTC_27008] Error 1
gmake[1]: Leaving directory '/home/noob/xmrig/build/CMakeFiles/CMakeTmp'
gmake: *** [Makefile:127: cmTC_27008/fast] Error 2



